This is pdfTeX, Version 3.14159265-2.6-1.40.16 (TeX Live 2015/Debian) (preloaded format=pdflatex 2017.10.24)  3 MAY 2018 01:47
entering extended mode
 restricted \write18 enabled.
 %&-line parsing enabled.
**course.tex
(./course.tex
LaTeX2e <2016/02/01>
Babel <3.9q> and hyphenation patterns for 81 language(s) loaded.
(/usr/share/texlive/texmf-dist/tex/latex/base/article.cls
Document Class: article 2014/09/29 v1.4h Standard LaTeX document class
(/usr/share/texlive/texmf-dist/tex/latex/base/size10.clo
File: size10.clo 2014/09/29 v1.4h Standard LaTeX file (size option)
)
\c@part=\count79
\c@section=\count80
\c@subsection=\count81
\c@subsubsection=\count82
\c@paragraph=\count83
\c@subparagraph=\count84
\c@figure=\count85
\c@table=\count86
\abovecaptionskip=\skip41
\belowcaptionskip=\skip42
\bibindent=\dimen102
)
(/usr/share/texlive/texmf-dist/tex/latex/extsizes/extsizes.sty
Package: extsizes 1996/10/08 v1.0 Non Standard LaTeX Package


Package ExtSizes Warning: It is better to use one of the extsizes classes,
 if you can.

(/usr/share/texlive/texmf-dist/tex/latex/base/size12.clo
File: size12.clo 2014/09/29 v1.4h Standard LaTeX file (size option)
))
(/usr/share/texlive/texmf-dist/tex/latex/base/inputenc.sty
Package: inputenc 2015/03/17 v1.2c Input encoding file
\inpenc@prehook=\toks14
\inpenc@posthook=\toks15

(/usr/share/texlive/texmf-dist/tex/latex/ucs/utf8x.def
File: utf8x.def 2004/10/17 UCS: Input encoding UTF-8
))
(/usr/share/texlive/texmf-dist/tex/latex/ucs/ucs.sty
Package: ucs 2013/05/11 v2.2 UCS: Unicode input support

(/usr/share/texlive/texmf-dist/tex/latex/ucs/data/uni-global.def
File: uni-global.def 2013/05/13 UCS: Unicode global data
)
\uc@secondtry=\count87
\uc@combtoks=\toks16
\uc@combtoksb=\toks17
\uc@temptokena=\toks18
)
(/usr/share/texlive/texmf-dist/tex/generic/babel/babel.sty
Package: babel 2016/02/24 3.9q The Babel package

(/usr/share/texlive/texmf-dist/tex/generic/babel-russian/russianb.ldf
Language: russianb 2016/02/18 1.3h Russian support for the Babel system

(/usr/share/texlive/texmf-dist/tex/generic/babel/babel.def
File: babel.def 2016/02/24 3.9q Babel common definitions
\babel@savecnt=\count88
\U@D=\dimen103
)

Package babel Warning: No Cyrillic font encoding has been loaded so far.
(babel)                A font encoding should be declared before babel.
(babel)                Default `T2A' encoding will be loaded  on input line 69.


(/usr/share/texlive/texmf-dist/tex/latex/cyrillic/t2aenc.def
File: t2aenc.def 2005/09/27 v1.0i Cyrillic encoding definition file
)
Package babel Info: Making " an active character on input line 111.
))
(/usr/share/texlive/texmf-dist/tex/latex/vmargin/vmargin.sty
Package: vmargin 2004/07/15 V2.5 set document margins (VK)

Package: vmargin 2004/07/15 V2.5 set document margins (VK)
\PaperWidth=\dimen104
\PaperHeight=\dimen105
) (/usr/share/texlive/texmf-dist/tex/latex/blindtext/blindtext.sty
Package: blindtext 2012/01/06 V2.0 blindtext-Package

(/usr/share/texlive/texmf-dist/tex/latex/tools/xspace.sty
Package: xspace 2014/10/28 v1.13 Space after command names (DPC,MH)
)
\c@blindtext=\count89
\c@Blindtext=\count90
\c@blind@countparstart=\count91
\blind@countxx=\count92
\blindtext@numBlindtext=\count93
\blind@countyy=\count94
\c@blindlist=\count95
\c@blindlistlevel=\count96
\c@blindlist@level=\count97
\blind@listitem=\count98
\c@blind@listcount=\count99
\c@blind@levelcount=\count100
\blind@mathformula=\count101
\blind@Mathformula=\count102
\c@blind@randomcount=\count103
\c@blind@randommax=\count104
\c@blind@pangramcount=\count105
\c@blind@pangrammax=\count106
)
(/usr/share/texlive/texmf-dist/tex/latex/relsize/relsize.sty
Package: relsize 2013/03/29 ver 4.1
)
(/usr/share/texlive/texmf-dist/tex/latex/tools/indentfirst.sty
Package: indentfirst 1995/11/23 v1.03 Indent first paragraph (DPC)
)
(/usr/share/texlive/texmf-dist/tex/latex/graphics/graphicx.sty
Package: graphicx 2014/10/28 v1.0g Enhanced LaTeX Graphics (DPC,SPQR)

(/usr/share/texlive/texmf-dist/tex/latex/graphics/keyval.sty
Package: keyval 2014/10/28 v1.15 key=value parser (DPC)
\KV@toks@=\toks19
)
(/usr/share/texlive/texmf-dist/tex/latex/graphics/graphics.sty
Package: graphics 2016/01/03 v1.0q Standard LaTeX Graphics (DPC,SPQR)

(/usr/share/texlive/texmf-dist/tex/latex/graphics/trig.sty
Package: trig 2016/01/03 v1.10 sin cos tan (DPC)
)
(/usr/share/texlive/texmf-dist/tex/latex/latexconfig/graphics.cfg
File: graphics.cfg 2010/04/23 v1.9 graphics configuration of TeX Live
)
Package graphics Info: Driver file: pdftex.def on input line 95.

(/usr/share/texlive/texmf-dist/tex/latex/pdftex-def/pdftex.def
File: pdftex.def 2011/05/27 v0.06d Graphics/color for pdfTeX

(/usr/share/texlive/texmf-dist/tex/generic/oberdiek/infwarerr.sty
Package: infwarerr 2010/04/08 v1.3 Providing info/warning/error messages (HO)
)
(/usr/share/texlive/texmf-dist/tex/generic/oberdiek/ltxcmds.sty
Package: ltxcmds 2011/11/09 v1.22 LaTeX kernel commands for general use (HO)
)
\Gread@gobject=\count107
))
\Gin@req@height=\dimen106
\Gin@req@width=\dimen107
)
(/usr/share/texlive/texmf-dist/tex/latex/amsmath/amsmath.sty
Package: amsmath 2016/03/03 v2.15a AMS math features
\@mathmargin=\skip43

For additional information on amsmath, use the `?' option.
(/usr/share/texlive/texmf-dist/tex/latex/amsmath/amstext.sty
Package: amstext 2000/06/29 v2.01 AMS text

(/usr/share/texlive/texmf-dist/tex/latex/amsmath/amsgen.sty
File: amsgen.sty 1999/11/30 v2.0 generic functions
\@emptytoks=\toks20
\ex@=\dimen108
))
(/usr/share/texlive/texmf-dist/tex/latex/amsmath/amsbsy.sty
Package: amsbsy 1999/11/29 v1.2d Bold Symbols
\pmbraise@=\dimen109
)
(/usr/share/texlive/texmf-dist/tex/latex/amsmath/amsopn.sty
Package: amsopn 1999/12/14 v2.01 operator names
)
\inf@bad=\count108
LaTeX Info: Redefining \frac on input line 199.
\uproot@=\count109
\leftroot@=\count110
LaTeX Info: Redefining \overline on input line 297.
\classnum@=\count111
\DOTSCASE@=\count112
LaTeX Info: Redefining \ldots on input line 394.
LaTeX Info: Redefining \dots on input line 397.
LaTeX Info: Redefining \cdots on input line 518.
\Mathstrutbox@=\box26
\strutbox@=\box27
\big@size=\dimen110
LaTeX Font Info:    Redeclaring font encoding OML on input line 630.
LaTeX Font Info:    Redeclaring font encoding OMS on input line 631.
\macc@depth=\count113
\c@MaxMatrixCols=\count114
\dotsspace@=\muskip10
\c@parentequation=\count115
\dspbrk@lvl=\count116
\tag@help=\toks21
\row@=\count117
\column@=\count118
\maxfields@=\count119
\andhelp@=\toks22
\eqnshift@=\dimen111
\alignsep@=\dimen112
\tagshift@=\dimen113
\tagwidth@=\dimen114
\totwidth@=\dimen115
\lineht@=\dimen116
\@envbody=\toks23
\multlinegap=\skip44
\multlinetaggap=\skip45
\mathdisplay@stack=\toks24
LaTeX Info: Redefining \[ on input line 2735.
LaTeX Info: Redefining \] on input line 2736.
)
(/usr/share/texlive/texmf-dist/tex/latex/amsfonts/amssymb.sty
Package: amssymb 2013/01/14 v3.01 AMS font symbols

(/usr/share/texlive/texmf-dist/tex/latex/amsfonts/amsfonts.sty
Package: amsfonts 2013/01/14 v3.01 Basic AMSFonts support
\symAMSa=\mathgroup4
\symAMSb=\mathgroup5
LaTeX Font Info:    Overwriting math alphabet `\mathfrak' in version `bold'
(Font)                  U/euf/m/n --> U/euf/b/n on input line 106.
))
(/usr/share/texlive/texmf-dist/tex/latex/amscls/amsthm.sty
Package: amsthm 2015/03/04 v2.20.2
\thm@style=\toks25
\thm@bodyfont=\toks26
\thm@headfont=\toks27
\thm@notefont=\toks28
\thm@headpunct=\toks29
\thm@preskip=\skip46
\thm@postskip=\skip47
\thm@headsep=\skip48
\dth@everypar=\toks30
)
(/usr/share/texlive/texmf-dist/tex/latex/algorithms/algorithm.sty
Package: algorithm 2009/08/24 v0.1 Document Style `algorithm' - floating enviro
nment

(/usr/share/texlive/texmf-dist/tex/latex/float/float.sty
Package: float 2001/11/08 v1.3d Float enhancements (AL)
\c@float@type=\count120
\float@exts=\toks31
\float@box=\box28
\@float@everytoks=\toks32
\@floatcapt=\box29
)
(/usr/share/texlive/texmf-dist/tex/latex/base/ifthen.sty
Package: ifthen 2014/09/29 v1.1c Standard LaTeX ifthen package (DPC)
)
\@float@every@algorithm=\toks33
\c@algorithm=\count121
)
(/usr/share/texlive/texmf-dist/tex/latex/algorithmicx/algpseudocode.sty
Package: algpseudocode 

(/usr/share/texlive/texmf-dist/tex/latex/algorithmicx/algorithmicx.sty
Package: algorithmicx 2005/04/27 v1.2 Algorithmicx

Document Style algorithmicx 1.2 - a greatly improved `algorithmic' style
\c@ALG@line=\count122
\c@ALG@rem=\count123
\c@ALG@nested=\count124
\ALG@tlm=\skip49
\ALG@thistlm=\skip50
\c@ALG@Lnr=\count125
\c@ALG@blocknr=\count126
\c@ALG@storecount=\count127
\c@ALG@tmpcounter=\count128
\ALG@tmplength=\skip51
)
Document Style - pseudocode environments for use with the `algorithmicx' style
) (/usr/share/texlive/texmf-dist/tex/latex/jknapltx/mathrsfs.sty
Package: mathrsfs 1996/01/01 Math RSFS package v1.0 (jk)
\symrsfs=\mathgroup6
)
\c@thm=\count129
\c@lm=\count130
\c@df=\count131
\c@cor=\count132
\c@mrk=\count133
 (./course.aux
LaTeX Font Info:    Try loading font information for T2A+cmr on input line 4.
(/usr/share/texlive/texmf-dist/tex/latex/cyrillic/t2acmr.fd
File: t2acmr.fd 2001/08/11 v1.0a Computer Modern Cyrillic font definitions
))
\openout1 = `course.aux'.

LaTeX Font Info:    Checking defaults for OML/cmm/m/it on input line 45.
LaTeX Font Info:    ... okay on input line 45.
LaTeX Font Info:    Checking defaults for T1/cmr/m/n on input line 45.
LaTeX Font Info:    ... okay on input line 45.
LaTeX Font Info:    Checking defaults for OT1/cmr/m/n on input line 45.
LaTeX Font Info:    ... okay on input line 45.
LaTeX Font Info:    Checking defaults for OMS/cmsy/m/n on input line 45.
LaTeX Font Info:    ... okay on input line 45.
LaTeX Font Info:    Checking defaults for OMX/cmex/m/n on input line 45.
LaTeX Font Info:    ... okay on input line 45.
LaTeX Font Info:    Checking defaults for U/cmr/m/n on input line 45.
LaTeX Font Info:    ... okay on input line 45.
LaTeX Font Info:    Checking defaults for T2A/cmr/m/n on input line 45.
LaTeX Font Info:    ... okay on input line 45.

(/usr/share/texlive/texmf-dist/tex/latex/ucs/ucsencs.def
File: ucsencs.def 2011/01/21 Fixes to fontencodings LGR, T3
)
(/usr/share/texlive/texmf-dist/tex/context/base/supp-pdf.mkii
[Loading MPS to PDF converter (version 2006.09.02).]
\scratchcounter=\count134
\scratchdimen=\dimen117
\scratchbox=\box30
\nofMPsegments=\count135
\nofMParguments=\count136
\everyMPshowfont=\toks34
\MPscratchCnt=\count137
\MPscratchDim=\dimen118
\MPnumerator=\count138
\makeMPintoPDFobject=\count139
\everyMPtoPDFconversion=\toks35
) (/usr/share/texlive/texmf-dist/tex/generic/oberdiek/pdftexcmds.sty
Package: pdftexcmds 2011/11/29 v0.20 Utility functions of pdfTeX for LuaTeX (HO
)

(/usr/share/texlive/texmf-dist/tex/generic/oberdiek/ifluatex.sty
Package: ifluatex 2010/03/01 v1.3 Provides the ifluatex switch (HO)
Package ifluatex Info: LuaTeX not detected.
)
(/usr/share/texlive/texmf-dist/tex/generic/oberdiek/ifpdf.sty
Package: ifpdf 2011/01/30 v2.3 Provides the ifpdf switch (HO)
Package ifpdf Info: pdfTeX in PDF mode is detected.
)
Package pdftexcmds Info: LuaTeX not detected.
Package pdftexcmds Info: \pdf@primitive is available.
Package pdftexcmds Info: \pdf@ifprimitive is available.
Package pdftexcmds Info: \pdfdraftmode found.
)
(/usr/share/texlive/texmf-dist/tex/latex/oberdiek/epstopdf-base.sty
Package: epstopdf-base 2010/02/09 v2.5 Base part for package epstopdf

(/usr/share/texlive/texmf-dist/tex/latex/oberdiek/grfext.sty
Package: grfext 2010/08/19 v1.1 Manage graphics extensions (HO)

(/usr/share/texlive/texmf-dist/tex/generic/oberdiek/kvdefinekeys.sty
Package: kvdefinekeys 2011/04/07 v1.3 Define keys (HO)
))
(/usr/share/texlive/texmf-dist/tex/latex/oberdiek/kvoptions.sty
Package: kvoptions 2011/06/30 v3.11 Key value format for package options (HO)

(/usr/share/texlive/texmf-dist/tex/generic/oberdiek/kvsetkeys.sty
Package: kvsetkeys 2012/04/25 v1.16 Key value parser (HO)

(/usr/share/texlive/texmf-dist/tex/generic/oberdiek/etexcmds.sty
Package: etexcmds 2011/02/16 v1.5 Avoid name clashes with e-TeX commands (HO)
Package etexcmds Info: Could not find \expanded.
(etexcmds)             That can mean that you are not using pdfTeX 1.50 or
(etexcmds)             that some package has redefined \expanded.
(etexcmds)             In the latter case, load this package earlier.
)))
Package grfext Info: Graphics extension search list:
(grfext)             [.png,.pdf,.jpg,.mps,.jpeg,.jbig2,.jb2,.PNG,.PDF,.JPG,.JPE
G,.JBIG2,.JB2,.eps]
(grfext)             \AppendGraphicsExtensions on input line 452.

(/usr/share/texlive/texmf-dist/tex/latex/latexconfig/epstopdf-sys.cfg
File: epstopdf-sys.cfg 2010/07/13 v1.3 Configuration of (r)epstopdf for TeX Liv
e
))
<msu_logo_small.png, id=1, 401.5pt x 177.66376pt>
File: msu_logo_small.png Graphic file (type png)
 <use msu_logo_small.png>
Package pdftex.def Info: msu_logo_small.png used on input line 55.
(pdftex.def)             Requested size: 205.1128pt x 90.76454pt.

(/usr/share/texlive/texmf-dist/tex/latex/ucs/data/uni-4.def
File: uni-4.def 2013/05/13 UCS: Unicode data U+0400..U+04FF
) [1

{/var/lib/texmf/fonts/map/pdftex/updmap/pdftex.map} <./msu_logo_small.png>] (./
course.toc
LaTeX Font Info:    Try loading font information for U+msa on input line 6.

(/usr/share/texlive/texmf-dist/tex/latex/amsfonts/umsa.fd
File: umsa.fd 2013/01/14 v3.01 AMS symbols A
)
LaTeX Font Info:    Try loading font information for U+msb on input line 6.

(/usr/share/texlive/texmf-dist/tex/latex/amsfonts/umsb.fd
File: umsb.fd 2013/01/14 v3.01 AMS symbols B
)
LaTeX Font Info:    Try loading font information for U+rsfs on input line 6.

(/usr/share/texlive/texmf-dist/tex/latex/jknapltx/ursfs.fd
File: ursfs.fd 1998/03/24 rsfs font definition file (jk)
))
\tf@toc=\write3
\openout3 = `course.toc'.

 [1] [2] [3]
[4] <analyze.pdf, id=39, 313.17pt x 355.3275pt>
File: analyze.pdf Graphic file (type pdf)
 <use analyze.pdf>
Package pdftex.def Info: analyze.pdf used on input line 206.
(pdftex.def)             Requested size: 205.1128pt x 232.73306pt.

<synthesis.pdf, id=40, 362.35374pt x 436.63126pt>
File: synthesis.pdf Graphic file (type pdf)
 <use synthesis.pdf>
Package pdftex.def Info: synthesis.pdf used on input line 207.
(pdftex.def)             Requested size: 205.1128pt x 247.16348pt.
 [5 <./analyze.pdf>] [6 <./synthesis.pdf>]
<hwaf_decomp.png, id=71, 484.81125pt x 452.69125pt>
File: hwaf_decomp.png Graphic file (type png)
 <use hwaf_decomp.png>
Package pdftex.def Info: hwaf_decomp.png used on input line 238.
(pdftex.def)             Requested size: 307.677pt x 287.30377pt.

[7 <./hwaf_decomp.png>]
File: hwaf_decomp.png Graphic file (type png)
 <use hwaf_decomp.png>
Package pdftex.def Info: hwaf_decomp.png used on input line 296.
(pdftex.def)             Requested size: 307.677pt x 287.30377pt.
 [8] [9] [10]
<pictures/haar/Z_3^{-1}.png, id=85, 1084.05pt x 361.35pt>
File: pictures/haar/Z_3^{-1}.png Graphic file (type png)

<use pictures/haar/Z_3^{-1}.png>
Package pdftex.def Info: pictures/haar/Z_3^{-1}.png used on input line 391.
(pdftex.def)             Requested size: 512.78981pt x 170.93727pt.

<pictures/haar/Z_3^3.png, id=86, 1084.05pt x 361.35pt>
File: pictures/haar/Z_3^3.png Graphic file (type png)

<use pictures/haar/Z_3^3.png>
Package pdftex.def Info: pictures/haar/Z_3^3.png used on input line 396.
(pdftex.def)             Requested size: 512.78981pt x 170.93727pt.

<pictures/haar/Z_2^-2.png, id=87, 1084.05pt x 361.35pt>
File: pictures/haar/Z_2^-2.png Graphic file (type png)

<use pictures/haar/Z_2^-2.png>
Package pdftex.def Info: pictures/haar/Z_2^-2.png used on input line 401.
(pdftex.def)             Requested size: 512.78981pt x 170.93727pt.
 [11 <./pictures/haar/Z_3^{-1}.png> <./pictures/haar/Z_3^3.png>]
<pictures/haar/R_2^2_variant1.png, id=93, 1084.05pt x 361.35pt>
File: pictures/haar/R_2^2_variant1.png Graphic file (type png)

<use pictures/haar/R_2^2_variant1.png>
Package pdftex.def Info: pictures/haar/R_2^2_variant1.png used on input line 42
3.
(pdftex.def)             Requested size: 512.78981pt x 170.93727pt.
 [12 <./pictures/haar/Z_2^-2.png>]
<pictures/haar/R_3^3_variant1.png, id=100, 1084.05pt x 361.35pt>
File: pictures/haar/R_3^3_variant1.png Graphic file (type png)

<use pictures/haar/R_3^3_variant1.png>
Package pdftex.def Info: pictures/haar/R_3^3_variant1.png used on input line 42
8.
(pdftex.def)             Requested size: 512.78981pt x 170.93727pt.

<pictures/haar/R_3^1_variant1.png, id=101, 1084.05pt x 361.35pt>
File: pictures/haar/R_3^1_variant1.png Graphic file (type png)

<use pictures/haar/R_3^1_variant1.png>
Package pdftex.def Info: pictures/haar/R_3^1_variant1.png used on input line 43
3.
(pdftex.def)             Requested size: 512.78981pt x 170.93727pt.
 [13 <./pictures/haar/R_2^2_variant1.png> <./pictures/haar/R_3^3_variant1.png> 
<./pictures/haar/R_3^1_variant1.png>]
<pictures/haar/variant2/R_2^2.png, id=108, 1084.05pt x 361.35pt>
File: pictures/haar/variant2/R_2^2.png Graphic file (type png)

<use pictures/haar/variant2/R_2^2.png>
Package pdftex.def Info: pictures/haar/variant2/R_2^2.png used on input line 44
3.
(pdftex.def)             Requested size: 512.78981pt x 170.93727pt.

<pictures/haar/variant2/R_3^3.png, id=109, 1084.05pt x 361.35pt>
File: pictures/haar/variant2/R_3^3.png Graphic file (type png)

<use pictures/haar/variant2/R_3^3.png>
Package pdftex.def Info: pictures/haar/variant2/R_3^3.png used on input line 44
8.
(pdftex.def)             Requested size: 512.78981pt x 170.93727pt.

<pictures/haar/variant2/R_3^1.png, id=110, 1084.05pt x 361.35pt>
File: pictures/haar/variant2/R_3^1.png Graphic file (type png)

<use pictures/haar/variant2/R_3^1.png>
Package pdftex.def Info: pictures/haar/variant2/R_3^1.png used on input line 45
3.
(pdftex.def)             Requested size: 512.78981pt x 170.93727pt.
 [14 <./pictures/haar/variant2/R_2^2.png> <./pictures/haar/variant2/R_3^3.png>]
 [15 <./pictures/haar/variant2/R_3^1.png>]
Overfull \hbox (5.52002pt too wide) in paragraph at lines 463--465
\T2A/cmr/m/n/12 ‘ункци€ $\OML/cmm/m/it/12 u$ \T2A/cmr/m/n/12 при-над-ле-жит со-
бо-лев-ско-му про-стран-ству $\OML/cmm/m/it/12 W[]\OT1/cmr/m/n/12 (
)$\T2A/cmr/m/n/12 , про-стран-ству пе-ри-о-ди-че-ских функ-
 []

[16] [17] [18] [19] [20]
<pictures/variational/freq_char/3dcont.png, id=137, 578.16pt x 578.16pt>
File: pictures/variational/freq_char/3dcont.png Graphic file (type png)

<use pictures/variational/freq_char/3dcont.png>
Package pdftex.def Info: pictures/variational/freq_char/3dcont.png used on inpu
t line 703.
(pdftex.def)             Requested size: 410.2334pt x 410.23181pt.

<pictures/variational/freq_char/2dcont.png, id=138, 433.62pt x 289.08pt>
File: pictures/variational/freq_char/2dcont.png Graphic file (type png)

<use pictures/variational/freq_char/2dcont.png>
Package pdftex.def Info: pictures/variational/freq_char/2dcont.png used on inpu
t line 708.
(pdftex.def)             Requested size: 307.677pt x 205.12914pt.
 [21] [22 <./pictures/variational/freq_char/3dcont.png> <./pictures/variational
/freq_char/2dcont.png>]
<pictures/variational/freq_char/3dpiece.png, id=147, 578.16pt x 578.16pt>
File: pictures/variational/freq_char/3dpiece.png Graphic file (type png)

<use pictures/variational/freq_char/3dpiece.png>
Package pdftex.def Info: pictures/variational/freq_char/3dpiece.png used on inp
ut line 732.
(pdftex.def)             Requested size: 410.2334pt x 410.23181pt.

<pictures/variational/freq_char/2dpiece.png, id=148, 433.62pt x 289.08pt>
File: pictures/variational/freq_char/2dpiece.png Graphic file (type png)

<use pictures/variational/freq_char/2dpiece.png>
Package pdftex.def Info: pictures/variational/freq_char/2dpiece.png used on inp
ut line 737.
(pdftex.def)             Requested size: 256.3949pt x 170.93947pt.
 [23]
<pictures/variational/freq_char/2cases.png, id=152, 433.62pt x 289.08pt>
File: pictures/variational/freq_char/2cases.png Graphic file (type png)

<use pictures/variational/freq_char/2cases.png>
Package pdftex.def Info: pictures/variational/freq_char/2cases.png used on inpu
t line 742.
(pdftex.def)             Requested size: 205.1128pt x 136.74098pt.
 [24 <./pictures/variational/freq_char/3dpiece.png> <./pictures/variational/fre
q_char/2dpiece.png>]
<pictures/variational/polys/z_3^-1.png, id=159, 1084.05pt x 361.35pt>
File: pictures/variational/polys/z_3^-1.png Graphic file (type png)

<use pictures/variational/polys/z_3^-1.png>
Package pdftex.def Info: pictures/variational/polys/z_3^-1.png used on input li
ne 752.
(pdftex.def)             Requested size: 512.78981pt x 170.93727pt.

<pictures/variational/polys/z_3^3.png, id=160, 1084.05pt x 361.35pt>
File: pictures/variational/polys/z_3^3.png Graphic file (type png)

<use pictures/variational/polys/z_3^3.png>
Package pdftex.def Info: pictures/variational/polys/z_3^3.png used on input lin
e 756.
(pdftex.def)             Requested size: 512.78981pt x 170.93727pt.

<pictures/variational/polys/z_2^-2.png, id=161, 1084.05pt x 361.35pt>
File: pictures/variational/polys/z_2^-2.png Graphic file (type png)

<use pictures/variational/polys/z_2^-2.png>
Package pdftex.def Info: pictures/variational/polys/z_2^-2.png used on input li
ne 760.
(pdftex.def)             Requested size: 512.78981pt x 170.93727pt.
 [25 <./pictures/variational/freq_char/2cases.png> <./pictures/variational/poly
s/z_3^-1.png>]
<pictures/variational/polys/z_3^-1_v2.png, id=167, 1084.05pt x 361.35pt>
File: pictures/variational/polys/z_3^-1_v2.png Graphic file (type png)

<use pictures/variational/polys/z_3^-1_v2.png>
Package pdftex.def Info: pictures/variational/polys/z_3^-1_v2.png used on input
 line 766.
(pdftex.def)             Requested size: 512.78981pt x 170.93727pt.

<pictures/variational/polys/z_3^3_v2.png, id=168, 1084.05pt x 361.35pt>
File: pictures/variational/polys/z_3^3_v2.png Graphic file (type png)

<use pictures/variational/polys/z_3^3_v2.png>
Package pdftex.def Info: pictures/variational/polys/z_3^3_v2.png used on input 
line 771.
(pdftex.def)             Requested size: 512.78981pt x 170.93727pt.
 [26 <./pictures/variational/polys/z_3^3.png> <./pictures/variational/polys/z_2
^-2.png> <./pictures/variational/polys/z_3^-1_v2.png>]
<pictures/variational/polys/z_2^-2_v2.png, id=175, 1084.05pt x 361.35pt>
File: pictures/variational/polys/z_2^-2_v2.png Graphic file (type png)

<use pictures/variational/polys/z_2^-2_v2.png>
Package pdftex.def Info: pictures/variational/polys/z_2^-2_v2.png used on input
 line 776.
(pdftex.def)             Requested size: 512.78981pt x 170.93727pt.
 [27 <./pictures/variational/polys/z_3^3_v2.png> <./pictures/variational/polys/
z_2^-2_v2.png>] [28]
(./course.bbl) [29] (./course.aux) ) 
Here is how much of TeX's memory you used:
 5562 strings out of 493029
 76643 string characters out of 6136233
 159631 words of memory out of 5000000
 8934 multiletter control sequences out of 15000+600000
 21632 words of font info for 61 fonts, out of 8000000 for 9000
 1141 hyphenation exceptions out of 8191
 38i,13n,26p,1932b,663s stack positions out of 5000i,500n,10000p,200000b,80000s
{/usr/share/texmf/fonts/enc/dvips/cm-super/
cm-super-t2a.enc}</usr/share/texlive/texmf-dist/fonts/type1/public/amsfonts/cm/
cmex10.pfb></usr/share/texlive/texmf-dist/fonts/type1/public/amsfonts/cm/cmmi12
.pfb></usr/share/texlive/texmf-dist/fonts/type1/public/amsfonts/cm/cmmi6.pfb></
usr/share/texlive/texmf-dist/fonts/type1/public/amsfonts/cm/cmmi8.pfb></usr/sha
re/texlive/texmf-dist/fonts/type1/public/amsfonts/cm/cmr10.pfb></usr/share/texl
ive/texmf-dist/fonts/type1/public/amsfonts/cm/cmr12.pfb></usr/share/texlive/tex
mf-dist/fonts/type1/public/amsfonts/cm/cmr6.pfb></usr/share/texlive/texmf-dist/
fonts/type1/public/amsfonts/cm/cmr8.pfb></usr/share/texlive/texmf-dist/fonts/ty
pe1/public/amsfonts/cm/cmsy10.pfb></usr/share/texlive/texmf-dist/fonts/type1/pu
blic/amsfonts/cm/cmsy6.pfb></usr/share/texlive/texmf-dist/fonts/type1/public/am
sfonts/cm/cmsy8.pfb></usr/share/texlive/texmf-dist/fonts/type1/public/amsfonts/
symbols/msbm10.pfb></usr/share/texlive/texmf-dist/fonts/type1/public/rsfs/rsfs1
0.pfb></usr/share/texmf/fonts/type1/public/cm-super/sfbx1200.pfb></usr/share/te
xmf/fonts/type1/public/cm-super/sfbx1440.pfb></usr/share/texmf/fonts/type1/publ
ic/cm-super/sfbx1728.pfb></usr/share/texmf/fonts/type1/public/cm-super/sfbx2074
.pfb></usr/share/texmf/fonts/type1/public/cm-super/sfcc1200.pfb></usr/share/tex
mf/fonts/type1/public/cm-super/sfrm1200.pfb></usr/share/texmf/fonts/type1/publi
c/cm-super/sfrm1440.pfb></usr/share/texmf/fonts/type1/public/cm-super/sfrm1728.
pfb></usr/share/texmf/fonts/type1/public/cm-super/sfti1200.pfb>
Output written on course.pdf (30 pages, 2061253 bytes).
PDF statistics:
 258 PDF objects out of 1000 (max. 8388607)
 153 compressed objects within 2 object streams
 0 named destinations out of 1000 (max. 500000)
 121 words of extra memory for PDF output out of 10000 (max. 10000000)

